<?xml version="1.0" encoding="UTF-8"?>
<!-- Generated by org.testng.reporters.JUnitXMLReporter -->
<testsuite ignored="0" hostname="ajay" failures="1" tests="9" name="Test" time="265.826" errors="0" timestamp="2023-07-29T17:37:45 IST">
  <testcase classname="com.java20.selenium.AUTOMATION_project2.Aj" name="ajay" time="12.383"/>
  <testcase classname="com.java20.selenium.AUTOMATION_project2.Aj" name="babu" time="11.389"/>
  <testcase classname="com.java20.selenium.AUTOMATION_project2.Aj" name="cricbuz" time="6.866"/>
  <testcase classname="com.java20.selenium.AUTOMATION_project2.Aj" name="msrtc" time="23.985"/>
  <testcase classname="com.java20.selenium.AUTOMATION_project2.Aj" name="rushi" time="157.478">
    <failure type="org.openqa.selenium.NoSuchWindowException" message="no such window: target window already closed
from unknown error: web view not found
  (Session info: chrome=115.0.5790.110)
Build info: version: &amp;apos;4.10.0&amp;apos;, revision: &amp;apos;c14d967899&amp;apos;
System info: os.name: &amp;apos;Windows 11&amp;apos;, os.arch: &amp;apos;amd64&amp;apos;, os.version: &amp;apos;10.0&amp;apos;, java.version: &amp;apos;17.0.6&amp;apos;
Driver info: org.openqa.selenium.chrome.ChromeDriver
Command: [18f0efdf61befd7b6e7379bb9ffdd645, executeScript {script=return document.getElementById(&amp;apos;fromPlaceName&amp;apos;).value;, args=[]}]
Capabilities {acceptInsecureCerts: false, browserName: chrome, browserVersion: 115.0.5790.110, chrome: {chromedriverVersion: 114.0.5735.90 (386bc09e8f4f..., userDataDir: C:\Users\irkar\AppData\Loca...}, goog:chromeOptions: {debuggerAddress: localhost:58981}, networkConnectionEnabled: false, pageLoadStrategy: normal, platformName: windows, proxy: Proxy(), se:cdp: ws://localhost:58981/devtoo..., se:cdpVersion: 115.0.5790.110, setWindowRect: true, strictFileInteractability: false, timeouts: {implicit: 0, pageLoad: 300000, script: 30000}, unhandledPromptBehavior: dismiss and notify, webauthn:extension:credBlob: true, webauthn:extension:largeBlob: true, webauthn:extension:minPinLength: true, webauthn:extension:prf: true, webauthn:virtualAuthenticators: true}
Session ID: 18f0efdf61befd7b6e7379bb9ffdd645">
      <![CDATA[org.openqa.selenium.NoSuchWindowException: no such window: target window already closed
from unknown error: web view not found
  (Session info: chrome=115.0.5790.110)
Build info: version: '4.10.0', revision: 'c14d967899'
System info: os.name: 'Windows 11', os.arch: 'amd64', os.version: '10.0', java.version: '17.0.6'
Driver info: org.openqa.selenium.chrome.ChromeDriver
Command: [18f0efdf61befd7b6e7379bb9ffdd645, executeScript {script=return document.getElementById('fromPlaceName').value;, args=[]}]
Capabilities {acceptInsecureCerts: false, browserName: chrome, browserVersion: 115.0.5790.110, chrome: {chromedriverVersion: 114.0.5735.90 (386bc09e8f4f..., userDataDir: C:\Users\irkar\AppData\Loca...}, goog:chromeOptions: {debuggerAddress: localhost:58981}, networkConnectionEnabled: false, pageLoadStrategy: normal, platformName: windows, proxy: Proxy(), se:cdp: ws://localhost:58981/devtoo..., se:cdpVersion: 115.0.5790.110, setWindowRect: true, strictFileInteractability: false, timeouts: {implicit: 0, pageLoad: 300000, script: 30000}, unhandledPromptBehavior: dismiss and notify, webauthn:extension:credBlob: true, webauthn:extension:largeBlob: true, webauthn:extension:minPinLength: true, webauthn:extension:prf: true, webauthn:virtualAuthenticators: true}
Session ID: 18f0efdf61befd7b6e7379bb9ffdd645
at org.openqa.selenium.remote.codec.w3c.W3CHttpResponseCodec.createException(W3CHttpResponseCodec.java:199)
at org.openqa.selenium.remote.codec.w3c.W3CHttpResponseCodec.decode(W3CHttpResponseCodec.java:132)
at org.openqa.selenium.remote.codec.w3c.W3CHttpResponseCodec.decode(W3CHttpResponseCodec.java:51)
at org.openqa.selenium.remote.HttpCommandExecutor.execute(HttpCommandExecutor.java:191)
at org.openqa.selenium.remote.service.DriverCommandExecutor.invokeExecute(DriverCommandExecutor.java:196)
at org.openqa.selenium.remote.service.DriverCommandExecutor.execute(DriverCommandExecutor.java:171)
at org.openqa.selenium.remote.RemoteWebDriver.execute(RemoteWebDriver.java:531)
at org.openqa.selenium.remote.RemoteWebDriver.executeScript(RemoteWebDriver.java:476)
at com.java20.selenium.AUTOMATION_project2.Aj.rushi(Aj.java:256)
at java.base/java.util.ArrayList.forEach(ArrayList.java:1511)
... Removed 32 stack frames]]>
    </failure>
  </testcase> <!-- rushi -->
  <testcase classname="com.java20.selenium.AUTOMATION_project2.Aj" name="windowshandle" time="8.103"/>
  <testcase classname="com.java20.selenium.AUTOMATION_project2.Aj" name="alerts" time="8.375"/>
  <testcase classname="com.java20.selenium.AUTOMATION_project2.Aj" name="linkcount" time="37.035"/>
  <testcase classname="com.java20.selenium.AUTOMATION_project2.Aj" name="addtocart" time="0.0">
    <skipped/>
  </testcase> <!-- addtocart -->
</testsuite> <!-- Test -->
